{
  "uuid": "55523f4e-65f0-4b77-a4de-943b60710816-tr-0-1047",
  "historyId": "WebSiteTests.Payment.GetPurchaseDreamHome",
  "fullName": "WebSiteTests.Payment.GetPurchaseDreamHome",
  "labels": [
    {
      "name": "thread",
      "value": "NonParallelWorker"
    },
    {
      "name": "host",
      "value": "DESKTOP-1QH9UGA"
    },
    {
      "name": "package",
      "value": "WebSiteTests"
    },
    {
      "name": "testMethod",
      "value": "GetPurchaseDreamHome"
    },
    {
      "name": "testClass",
      "value": "Payment"
    },
    {
      "name": "owner",
      "value": "Artem <qatester91311@gmail.com>"
    },
    {
      "name": "tag",
      "value": "Payment"
    },
    {
      "name": "tag",
      "value": "Regression"
    },
    {
      "name": "owner",
      "value": "Artem Sukharevskyi"
    },
    {
      "name": "severity",
      "value": "critical"
    },
    {
      "name": "subSuite",
      "value": "Payment"
    },
    {
      "name": "suite",
      "value": "Client"
    }
  ],
  "links": [],
  "name": "GetPurchaseDreamHome",
  "status": "failed",
  "statusDetails": {
    "known": false,
    "muted": false,
    "flaky": false,
    "message": "System.ArgumentException : {\"error\":\"FAILED\"}",
    "trace": "   at Playwright.APIHelpers.Web.SignUpPageWeb.SignUpRequest.RegisterNewUser(SignUpResponse& response)\r\n   at WebSiteTests.Payment.GetPurchaseDreamHome() in C:\\Users\\ARTY\\source\\repos\\Arty781\\PlaywrightSolution\\WebTests\\TESTS\\WebsiteTests.cs:line 1522\r\n   at NUnit.Framework.Internal.TaskAwaitAdapter.GenericAdapter`1.GetResult()\r\n   at NUnit.Framework.Internal.AsyncToSyncAdapter.Await(Func`1 invoke)\r\n   at NUnit.Framework.Internal.Commands.TestMethodCommand.RunTestMethod(TestExecutionContext context)\r\n   at NUnit.Framework.Internal.Commands.TestMethodCommand.Execute(TestExecutionContext context)\r\n   at NUnit.Framework.Internal.Commands.BeforeAndAfterTestCommand.<>c__DisplayClass1_0.<Execute>b__0()\r\n   at NUnit.Framework.Internal.Commands.DelegatingTestCommand.RunTestMethodInThreadAbortSafeZone(TestExecutionContext context, Action action)"
  },
  "stage": "finished",
  "steps": [
    {
      "name": "GetPurchaseDreamHome",
      "status": "failed",
      "statusDetails": {
        "known": false,
        "muted": false,
        "flaky": false,
        "message": "System.ArgumentException : {\"error\":\"FAILED\"}",
        "trace": "   at Playwright.APIHelpers.Web.SignUpPageWeb.SignUpRequest.RegisterNewUser(SignUpResponse& response)\r\n   at WebSiteTests.Payment.GetPurchaseDreamHome() in C:\\Users\\ARTY\\source\\repos\\Arty781\\PlaywrightSolution\\WebTests\\TESTS\\WebsiteTests.cs:line 1522\r\n   at NUnit.Framework.Internal.TaskAwaitAdapter.GenericAdapter`1.GetResult()\r\n   at NUnit.Framework.Internal.AsyncToSyncAdapter.Await(Func`1 invoke)\r\n   at NUnit.Framework.Internal.Commands.TestMethodCommand.RunTestMethod(TestExecutionContext context)\r\n   at NUnit.Framework.Internal.Commands.TestMethodCommand.Execute(TestExecutionContext context)\r\n   at NUnit.Framework.Internal.Commands.BeforeAndAfterTestCommand.<>c__DisplayClass1_0.<Execute>b__0()\r\n   at NUnit.Framework.Internal.Commands.DelegatingTestCommand.RunTestMethodInThreadAbortSafeZone(TestExecutionContext context, Action action)"
      },
      "stage": "finished",
      "steps": [],
      "attachments": [
        {
          "name": "Console Output",
          "source": "5b11dee7c9cb49f4a8f0caaec50e9911-attachment.txt",
          "type": "text/plain"
        }
      ],
      "parameters": [],
      "start": 1694518759988,
      "stop": 1694518765512
    }
  ],
  "attachments": [],
  "parameters": [],
  "start": 1694518759988,
  "stop": 1694518765515
}